生成启动时间为 2014/8/16 17:41:33。
     1>项目“C:\Users\Administrator\Desktop\MyCapture1.0\MyCapture1.0\MyCapture1.0.vcxproj”在节点 2 上(Build 个目标)。
     1>ClCompile:
         D:\vs2012\VC\bin\CL.exe /c /ZI /nologo /W3 /WX- /Od /Oy- /D WIN32 /D _DEBUG /D _WINDOWS /D _UNICODE /D UNICODE /Gm /EHsc /RTC1 /MDd /GS /fp:precise /Zc:wchar_t /Zc:forScope /Fo"Debug\\" /Fd"Debug\vc110.pdb" /Gd /TP /analyze- /errorReport:prompt D3DCaptureClass.cpp main.cpp
         main.cpp
         D3DCaptureClass.cpp
     1>c:\users\administrator\desktop\mycapture1.0\mycapture1.0\d3dcaptureclass.cpp(127): warning C4305: “初始化”: 从“double”到“float”截断
     1>c:\users\administrator\desktop\mycapture1.0\mycapture1.0\d3dcaptureclass.cpp(198): warning C4996: 'sprintf': This function or variable may be unsafe. Consider using sprintf_s instead. To disable deprecation, use _CRT_SECURE_NO_WARNINGS. See online help for details.
                 d:\vs2012\vc\include\stdio.h(357) : 参见“sprintf”的声明
     1>c:\users\administrator\desktop\mycapture1.0\mycapture1.0\d3dcaptureclass.cpp(260): warning C4996: 'sprintf': This function or variable may be unsafe. Consider using sprintf_s instead. To disable deprecation, use _CRT_SECURE_NO_WARNINGS. See online help for details.
                 d:\vs2012\vc\include\stdio.h(357) : 参见“sprintf”的声明
     1>c:\users\administrator\desktop\mycapture1.0\mycapture1.0\d3dcaptureclass.cpp(354): warning C4996: 'sprintf': This function or variable may be unsafe. Consider using sprintf_s instead. To disable deprecation, use _CRT_SECURE_NO_WARNINGS. See online help for details.
                 d:\vs2012\vc\include\stdio.h(357) : 参见“sprintf”的声明
         正在生成代码...
       Link:
         D:\vs2012\VC\bin\link.exe /ERRORREPORT:PROMPT /OUT:"C:\Users\Administrator\Desktop\MyCapture1.0\Debug\MyCapture1.0.exe" /INCREMENTAL /NOLOGO kernel32.lib user32.lib gdi32.lib winspool.lib comdlg32.lib advapi32.lib shell32.lib ole32.lib oleaut32.lib uuid.lib odbc32.lib odbccp32.lib /MANIFEST /MANIFESTUAC:"level='asInvoker' uiAccess='false'" /manifest:embed /DEBUG /PDB:"C:\Users\Administrator\Desktop\MyCapture1.0\Debug\MyCapture1.0.pdb" /SUBSYSTEM:WINDOWS /TLBID:1 /DYNAMICBASE /NXCOMPAT /IMPLIB:"C:\Users\Administrator\Desktop\MyCapture1.0\Debug\MyCapture1.0.lib" /MACHINE:X86 Debug\D3DCaptureClass.obj
         Debug\main.obj
         MyCapture1.0.vcxproj -> C:\Users\Administrator\Desktop\MyCapture1.0\Debug\MyCapture1.0.exe
     1>已完成生成项目“C:\Users\Administrator\Desktop\MyCapture1.0\MyCapture1.0\MyCapture1.0.vcxproj”(Build 个目标)的操作。

生成成功。

已用时间 00:00:02.26
