E:\C.H\MYCAPTURE1.0\MYCAPTURE1.0\DEBUG\D3DCAPTURECLASS.OBJ
E:\C.H\MYCAPTURE1.0\MYCAPTURE1.0\DEBUG\MAIN.OBJ
E:\C.H\MYCAPTURE1.0\MYCAPTURE1.0\DEBUG\VC110.PDB
E:\C.H\MYCAPTURE1.0\DEBUG\MYCAPTURE1.0.ILK
E:\C.H\MYCAPTURE1.0\DEBUG\MYCAPTURE1.0.EXE
E:\C.H\MYCAPTURE1.0\DEBUG\MYCAPTURE1.0.PDB
E:\c.h\MyCapture1.0\MyCapture1.0\Debug\D3DCaptureClass.obj
E:\c.h\MyCapture1.0\MyCapture1.0\Debug\main.obj
E:\c.h\MyCapture1.0\MyCapture1.0\Debug\cl.command.1.tlog
E:\c.h\MyCapture1.0\MyCapture1.0\Debug\CL.read.1.tlog
E:\c.h\MyCapture1.0\MyCapture1.0\Debug\CL.write.1.tlog
E:\c.h\MyCapture1.0\MyCapture1.0\Debug\link-cvtres.read.1.tlog
E:\c.h\MyCapture1.0\MyCapture1.0\Debug\link-cvtres.write.1.tlog
E:\c.h\MyCapture1.0\MyCapture1.0\Debug\link-rc.read.1.tlog
E:\c.h\MyCapture1.0\MyCapture1.0\Debug\link-rc.write.1.tlog
E:\c.h\MyCapture1.0\MyCapture1.0\Debug\link.command.1.tlog
E:\c.h\MyCapture1.0\MyCapture1.0\Debug\link.read.1.tlog
E:\c.h\MyCapture1.0\MyCapture1.0\Debug\link.write.1.tlog
E:\c.h\MyCapture1.0\MyCapture1.0\Debug\vc110.idb
E:\c.h\MyCapture1.0\MyCapture1.0\Debug\vc110.pdb
E:\c.h\MyCapture1.0\Debug\MyCapture1.0.pdb
E:\c.h\MyCapture1.0\Debug\MyCapture1.0.exe
E:\c.h\MyCapture1.0\Debug\MyCapture1.0.ilk
